mode: set
github.com/mattkrea/go-request/request.go:39.31,49.2 3 1
github.com/mattkrea/go-request/request.go:54.57,59.2 2 1
github.com/mattkrea/go-request/request.go:62.31,68.2 1 1
github.com/mattkrea/go-request/request.go:73.50,80.22 2 1
github.com/mattkrea/go-request/request.go:84.2,84.17 1 1
github.com/mattkrea/go-request/request.go:92.2,92.10 1 1
github.com/mattkrea/go-request/request.go:80.22,82.3 1 1
github.com/mattkrea/go-request/request.go:84.17,90.3 3 1
github.com/mattkrea/go-request/request.go:97.49,104.22 2 0
github.com/mattkrea/go-request/request.go:108.2,108.17 1 0
github.com/mattkrea/go-request/request.go:116.2,116.10 1 0
github.com/mattkrea/go-request/request.go:104.22,106.3 1 0
github.com/mattkrea/go-request/request.go:108.17,114.3 3 0
github.com/mattkrea/go-request/request.go:120.32,126.2 1 0
github.com/mattkrea/go-request/request.go:129.35,135.2 1 0
github.com/mattkrea/go-request/request.go:138.61,140.22 1 1
github.com/mattkrea/go-request/request.go:144.2,146.10 2 1
github.com/mattkrea/go-request/request.go:140.22,142.3 1 0
github.com/mattkrea/go-request/request.go:151.57,153.22 1 1
github.com/mattkrea/go-request/request.go:157.2,157.22 1 1
github.com/mattkrea/go-request/request.go:161.2,161.10 1 1
github.com/mattkrea/go-request/request.go:153.22,155.3 1 0
github.com/mattkrea/go-request/request.go:157.22,159.3 1 1
github.com/mattkrea/go-request/request.go:166.43,168.20 1 1
github.com/mattkrea/go-request/request.go:172.2,177.19 4 1
github.com/mattkrea/go-request/request.go:183.2,183.16 1 1
github.com/mattkrea/go-request/request.go:187.2,187.39 1 1
github.com/mattkrea/go-request/request.go:191.2,192.16 2 1
github.com/mattkrea/go-request/request.go:196.2,197.16 2 1
github.com/mattkrea/go-request/request.go:201.2,205.8 1 1
github.com/mattkrea/go-request/request.go:168.20,170.3 1 0
github.com/mattkrea/go-request/request.go:177.19,179.3 1 1
github.com/mattkrea/go-request/request.go:179.3,181.3 1 1
github.com/mattkrea/go-request/request.go:183.16,185.3 1 0
github.com/mattkrea/go-request/request.go:187.39,189.3 1 1
github.com/mattkrea/go-request/request.go:192.16,194.3 1 0
github.com/mattkrea/go-request/request.go:197.16,199.3 1 0
github.com/mattkrea/go-request/request.go:211.58,216.12 3 1
github.com/mattkrea/go-request/request.go:227.2,227.22 1 1
github.com/mattkrea/go-request/request.go:216.12,218.15 2 1
github.com/mattkrea/go-request/request.go:218.15,221.4 2 0
github.com/mattkrea/go-request/request.go:221.4,224.4 2 1
github.com/mattkrea/go-request/request.go:233.44,236.16 2 1
github.com/mattkrea/go-request/request.go:240.2,242.12 2 1
github.com/mattkrea/go-request/request.go:236.16,238.3 1 0
github.com/mattkrea/go-request/request.go:245.40,246.11 1 1
github.com/mattkrea/go-request/request.go:259.2,259.14 1 1
github.com/mattkrea/go-request/request.go:247.2,248.16 1 0
github.com/mattkrea/go-request/request.go:249.2,250.15 1 0
github.com/mattkrea/go-request/request.go:251.2,252.16 1 1
github.com/mattkrea/go-request/request.go:253.2,254.19 1 0
github.com/mattkrea/go-request/request.go:255.2,256.18 1 0
